<?xml version="1.0" encoding="UTF-8"?>
<!-- Generated by org.testng.reporters.JUnitXMLReporter -->
<testsuite ignored="6" hostname="DESKTOP-729RCR4" failures="0" tests="10" name="Test" time="45.902" errors="0" timestamp="2022-05-02T01:05:44 IST">
  <testcase classname="com.phptravels.scriptsSG1.TestClassLoginSG1" name="verifyIeVp" time="6.948"/>
  <testcase classname="com.phptravels.scriptsSG1.TestClassLoginSG1" name="verifyVeIp" time="2.277"/>
  <testcase classname="com.phptravels.scriptsSG1.TestClassLoginSG1" name="verifyIeIp" time="2.221"/>
  <testcase classname="com.phptravels.scriptsSG1.TestClassLoginSG1" name="verifyNeNp" time="1.226"/>
  <testcase classname="com.phptravels.scriptsSG1.TestClassLoginSG1" name="verifyVeVp" time="2.41"/>
  <testcase classname="com.phptravels.scriptsSG1.TestClassMyBookingsSG1" name="verifyMyBookings" time="3.862"/>
  <testcase classname="com.phptravels.scriptsSG1.TestClassAddFundsSG1" name="verifyAddFunds" time="8.18"/>
  <testcase classname="com.phptravels.scriptsSG1.TestClassMyProfileSG1" name="verifyMyProfile" time="1.279"/>
  <testcase classname="com.phptravels.scriptsSG1.TestClassMyProfileSG1" name="UpdateAddress" time="3.618"/>
  <testcase classname="com.phptravels.scriptsSG1.TestClassMyProfileSG1" name="verifyLogout" time="1.461"/>
  <testcase classname="com.phptravels.testbase.TestBase" name="@AfterTest quitBrowser" time="0.0">
    <ignored/>
  </testcase> <!-- @AfterTest quitBrowser -->
  <testcase classname="com.phptravels.testbase.TestBase" name="@AfterTest quitBrowser" time="0.0">
    <ignored/>
  </testcase> <!-- @AfterTest quitBrowser -->
  <testcase classname="com.phptravels.testbase.TestBase" name="@AfterTest quitBrowser" time="0.0">
    <ignored/>
  </testcase> <!-- @AfterTest quitBrowser -->
  <testcase classname="com.phptravels.testbase.TestBase" name="@BeforeTest onSetup" time="0.0">
    <ignored/>
  </testcase> <!-- @BeforeTest onSetup -->
  <testcase classname="com.phptravels.testbase.TestBase" name="@BeforeTest onSetup" time="0.0">
    <ignored/>
  </testcase> <!-- @BeforeTest onSetup -->
  <testcase classname="com.phptravels.testbase.TestBase" name="@BeforeTest onSetup" time="0.0">
    <ignored/>
  </testcase> <!-- @BeforeTest onSetup -->
</testsuite> <!-- Test -->
