<?xml version="1.0" encoding="UTF-8"?>
<!-- Generated by org.testng.reporters.JUnitXMLReporter -->
<testsuite ignored="2" hostname="DESKTOP-729RCR4" failures="2" tests="14" name="Test" time="64.816" errors="0" timestamp="2022-05-10T20:00:02 IST">
  <testcase classname="com.phptravels.scriptsSG2.TestClassLoginSG2" name="verifyIeVp" time="8.792"/>
  <testcase classname="com.phptravels.scriptsSG2.TestClassLoginSG2" name="verifyVeIp" time="2.482"/>
  <testcase classname="com.phptravels.scriptsSG2.TestClassLoginSG2" name="verifyIeIp" time="2.352"/>
  <testcase classname="com.phptravels.scriptsSG2.TestClassLoginSG2" name="verifyNeNp" time="0.818"/>
  <testcase classname="com.phptravels.scriptsSG2.TestClassLoginSG2" name="verifyVeVp" time="2.551">
    <failure type="java.lang.AssertionError" message="expected [Login - PHPTRAVELS] but found [Dashboard - PHPTRAVELS]">
      <![CDATA[java.lang.AssertionError: expected [Login - PHPTRAVELS] but found [Dashboard - PHPTRAVELS]
at com.phptravels.scriptsSG2.TestClassLoginSG2.verifyVeVp(TestClassLoginSG2.java:98)
at java.base/java.util.ArrayList.forEach(ArrayList.java:1541)
... Removed 33 stack frames]]>
    </failure>
  </testcase> <!-- verifyVeVp -->
  <testcase classname="com.phptravels.scriptsSG2.TestClassLandingSG2" name="verifyHome" time="2.855"/>
  <testcase classname="com.phptravels.scriptsSG2.TestClassLandingSG2" name="verifyHotelSearch" time="9.95"/>
  <testcase classname="com.phptravels.scriptsSG2.TestClassLandingSG2" name="verifyFlights" time="1.132"/>
  <testcase classname="com.phptravels.scriptsSG2.TestClassLandingSG2" name="verifyTours" time="1.053"/>
  <testcase classname="com.phptravels.scriptsSG2.TestClassLandingSG2" name="verifyVisa" time="1.081"/>
  <testcase classname="com.phptravels.scriptsSG2.TestClassLandingSG2" name="verifyBlogs" time="2.092"/>
  <testcase classname="com.phptravels.scriptsSG2.TestClassLandingSG2" name="verifyOffers" time="2.183"/>
  <testcase classname="com.phptravels.scriptsSG2.TestClassLandingSG2" name="verifyCurrencyUpdate" time="2.927"/>
  <testcase classname="com.phptravels.scriptsSG2.TestClassLandingSG2" name="verifylinks" time="8.869">
    <failure type="org.openqa.selenium.NoSuchElementException" message="Cannot locate an element using xpath=//div[1]/div/div[3]/ul/li[2]/a
For documentation on this error, please visit: https://www.seleniumhq.org/exceptions/no_such_element.html
Build info: version: &amp;apos;3.141.59&amp;apos;, revision: &amp;apos;e82be7d358&amp;apos;, time: &amp;apos;2018-11-14T08:17:03&amp;apos;
System info: host: &amp;apos;DESKTOP-729RCR4&amp;apos;, ip: &amp;apos;192.168.1.4&amp;apos;, os.name: &amp;apos;Windows 10&amp;apos;, os.arch: &amp;apos;amd64&amp;apos;, os.version: &amp;apos;10.0&amp;apos;, java.version: &amp;apos;11.0.14&amp;apos;
Driver info: driver.version: RemoteWebDriver">
      <![CDATA[org.openqa.selenium.NoSuchElementException: Cannot locate an element using xpath=//div[1]/div/div[3]/ul/li[2]/a
For documentation on this error, please visit: https://www.seleniumhq.org/exceptions/no_such_element.html
Build info: version: '3.141.59', revision: 'e82be7d358', time: '2018-11-14T08:17:03'
System info: host: 'DESKTOP-729RCR4', ip: '192.168.1.4', os.name: 'Windows 10', os.arch: 'amd64', os.version: '10.0', java.version: '11.0.14'
Driver info: driver.version: RemoteWebDriver
at org.openqa.selenium.remote.RemoteWebDriver.findElement(RemoteWebDriver.java:327)
at org.openqa.selenium.remote.RemoteWebDriver.findElementByXPath(RemoteWebDriver.java:428)
at org.openqa.selenium.By$ByXPath.findElement(By.java:353)
at org.openqa.selenium.remote.RemoteWebDriver.findElement(RemoteWebDriver.java:315)
at org.openqa.selenium.support.pagefactory.DefaultElementLocator.findElement(DefaultElementLocator.java:69)
at org.openqa.selenium.support.pagefactory.internal.LocatingElementHandler.invoke(LocatingElementHandler.java:38)
at com.sun.proxy.$Proxy14.click(Unknown Source)
at com.phptravelspages.stage2.LandingPageSG2.clickMyBookings(LandingPageSG2.java:92)
at com.phptravels.scriptsSG2.TestClassLandingSG2.verifylinks(TestClassLandingSG2.java:106)
at java.base/java.util.ArrayList.forEach(ArrayList.java:1541)
... Removed 27 stack frames]]>
    </failure>
  </testcase> <!-- verifylinks -->
  <testcase classname="com.phptravels.testbase.TestBase" name="@AfterTest quitBrowser" time="0.0">
    <ignored/>
  </testcase> <!-- @AfterTest quitBrowser -->
  <testcase classname="com.phptravels.testbase.TestBase" name="@BeforeTest onSetup" time="0.0">
    <ignored/>
  </testcase> <!-- @BeforeTest onSetup -->
</testsuite> <!-- Test -->
