<?xml version="1.0" encoding="UTF-8"?>
<testng-results ignored="2" total="13" passed="11" failed="0" skipped="0">
  <reporter-output>
  </reporter-output>
  <suite started-at="2022-05-12T14:54:13 IST" name="Suite" finished-at="2022-05-12T14:55:17 IST" duration-ms="63405">
    <groups>
    </groups>
    <test started-at="2022-05-12T14:54:13 IST" name="Test" finished-at="2022-05-12T14:55:17 IST" duration-ms="63405">
      <class name="com.phptravels.scriptsSG3.TestClassBookingsSG3">
        <test-method signature="verifyBookings()[pri:6, instance:com.phptravels.scriptsSG3.TestClassBookingsSG3@1b11171f]" started-at="2022-05-12T14:54:46 IST" name="verifyBookings" finished-at="2022-05-12T14:54:48 IST" duration-ms="1839" status="PASS">
          <reporter-output>
          </reporter-output>
        </test-method> <!-- verifyBookings -->
        <test-method is-config="true" signature="tearDown(org.testng.ITestResult)[pri:0, instance:com.phptravels.scriptsSG3.TestClassBookingsSG3@1b11171f]" started-at="2022-05-12T14:54:48 IST" name="tearDown" finished-at="2022-05-12T14:54:48 IST" duration-ms="1" status="PASS">
          <params>
            <param index="0">
              <value>
                <![CDATA[[TestResult name=verifyBookings status=SUCCESS method=TestClassBookingsSG3.verifyBookings()[pri:6, instance:com.phptravels.scriptsSG3.TestClassBookingsSG3@1b11171f] output={null}]]]>
              </value>
            </param>
          </params>
          <reporter-output>
          </reporter-output>
        </test-method> <!-- tearDown -->
        <test-method signature="VerifyPendingToConfirm()[pri:7, instance:com.phptravels.scriptsSG3.TestClassBookingsSG3@1b11171f]" started-at="2022-05-12T14:54:48 IST" name="VerifyPendingToConfirm" finished-at="2022-05-12T14:54:50 IST" duration-ms="1709" status="PASS">
          <reporter-output>
          </reporter-output>
        </test-method> <!-- VerifyPendingToConfirm -->
        <test-method is-config="true" signature="tearDown(org.testng.ITestResult)[pri:0, instance:com.phptravels.scriptsSG3.TestClassBookingsSG3@1b11171f]" started-at="2022-05-12T14:54:50 IST" name="tearDown" finished-at="2022-05-12T14:54:50 IST" duration-ms="1" status="PASS">
          <params>
            <param index="0">
              <value>
                <![CDATA[[TestResult name=VerifyPendingToConfirm status=SUCCESS method=TestClassBookingsSG3.VerifyPendingToConfirm()[pri:7, instance:com.phptravels.scriptsSG3.TestClassBookingsSG3@1b11171f] output={null}]]]>
              </value>
            </param>
          </params>
          <reporter-output>
          </reporter-output>
        </test-method> <!-- tearDown -->
        <test-method signature="VerifyDeleteCancelledBookings()[pri:8, instance:com.phptravels.scriptsSG3.TestClassBookingsSG3@1b11171f]" started-at="2022-05-12T14:54:50 IST" name="VerifyDeleteCancelledBookings" finished-at="2022-05-12T14:54:54 IST" duration-ms="4016" status="PASS">
          <reporter-output>
          </reporter-output>
        </test-method> <!-- VerifyDeleteCancelledBookings -->
        <test-method is-config="true" signature="tearDown(org.testng.ITestResult)[pri:0, instance:com.phptravels.scriptsSG3.TestClassBookingsSG3@1b11171f]" started-at="2022-05-12T14:54:54 IST" name="tearDown" finished-at="2022-05-12T14:54:54 IST" duration-ms="0" status="PASS">
          <params>
            <param index="0">
              <value>
                <![CDATA[[TestResult name=VerifyDeleteCancelledBookings status=SUCCESS method=TestClassBookingsSG3.VerifyDeleteCancelledBookings()[pri:8, instance:com.phptravels.scriptsSG3.TestClassBookingsSG3@1b11171f] output={null}]]]>
              </value>
            </param>
          </params>
          <reporter-output>
          </reporter-output>
        </test-method> <!-- tearDown -->
        <test-method signature="RevertChanges()[pri:9, instance:com.phptravels.scriptsSG3.TestClassBookingsSG3@1b11171f]" started-at="2022-05-12T14:54:54 IST" name="RevertChanges" finished-at="2022-05-12T14:54:59 IST" duration-ms="5371" status="PASS">
          <reporter-output>
          </reporter-output>
        </test-method> <!-- RevertChanges -->
        <test-method is-config="true" signature="tearDown(org.testng.ITestResult)[pri:0, instance:com.phptravels.scriptsSG3.TestClassBookingsSG3@1b11171f]" started-at="2022-05-12T14:54:59 IST" name="tearDown" finished-at="2022-05-12T14:54:59 IST" duration-ms="3" status="PASS">
          <params>
            <param index="0">
              <value>
                <![CDATA[[TestResult name=RevertChanges status=SUCCESS method=TestClassBookingsSG3.RevertChanges()[pri:9, instance:com.phptravels.scriptsSG3.TestClassBookingsSG3@1b11171f] output={null}]]]>
              </value>
            </param>
          </params>
          <reporter-output>
          </reporter-output>
        </test-method> <!-- tearDown -->
        <test-method signature="VerifyInvoicePaidBookings()[pri:10, instance:com.phptravels.scriptsSG3.TestClassBookingsSG3@1b11171f]" started-at="2022-05-12T14:54:59 IST" name="VerifyInvoicePaidBookings" finished-at="2022-05-12T14:55:09 IST" duration-ms="10021" status="PASS">
          <reporter-output>
          </reporter-output>
        </test-method> <!-- VerifyInvoicePaidBookings -->
        <test-method is-config="true" signature="tearDown(org.testng.ITestResult)[pri:0, instance:com.phptravels.scriptsSG3.TestClassBookingsSG3@1b11171f]" started-at="2022-05-12T14:55:09 IST" name="tearDown" finished-at="2022-05-12T14:55:09 IST" duration-ms="1" status="PASS">
          <params>
            <param index="0">
              <value>
                <![CDATA[[TestResult name=VerifyInvoicePaidBookings status=SUCCESS method=TestClassBookingsSG3.VerifyInvoicePaidBookings()[pri:10, instance:com.phptravels.scriptsSG3.TestClassBookingsSG3@1b11171f] output={null}]]]>
              </value>
            </param>
          </params>
          <reporter-output>
          </reporter-output>
        </test-method> <!-- tearDown -->
        <test-method signature="verifyWebsiteLink()[pri:11, instance:com.phptravels.scriptsSG3.TestClassBookingsSG3@1b11171f]" started-at="2022-05-12T14:55:09 IST" name="verifyWebsiteLink" finished-at="2022-05-12T14:55:14 IST" duration-ms="4555" status="PASS">
          <reporter-output>
          </reporter-output>
        </test-method> <!-- verifyWebsiteLink -->
        <test-method is-config="true" signature="tearDown(org.testng.ITestResult)[pri:0, instance:com.phptravels.scriptsSG3.TestClassBookingsSG3@1b11171f]" started-at="2022-05-12T14:55:14 IST" name="tearDown" finished-at="2022-05-12T14:55:14 IST" duration-ms="0" status="PASS">
          <params>
            <param index="0">
              <value>
                <![CDATA[[TestResult name=verifyWebsiteLink status=SUCCESS method=TestClassBookingsSG3.verifyWebsiteLink()[pri:11, instance:com.phptravels.scriptsSG3.TestClassBookingsSG3@1b11171f] output={null}]]]>
              </value>
            </param>
          </params>
          <reporter-output>
          </reporter-output>
        </test-method> <!-- tearDown -->
      </class> <!-- com.phptravels.scriptsSG3.TestClassBookingsSG3 -->
      <class name="com.phptravels.scriptsSG3.TestClassLoginSG3">
        <test-method is-config="true" signature="onSetup()[pri:0, instance:com.phptravels.scriptsSG3.TestClassLoginSG3@51e69659]" started-at="2022-05-12T14:54:13 IST" name="onSetup" finished-at="2022-05-12T14:54:22 IST" duration-ms="9054" status="PASS">
          <reporter-output>
          </reporter-output>
        </test-method> <!-- onSetup -->
        <test-method signature="verifyIeVp()[pri:1, instance:com.phptravels.scriptsSG3.TestClassLoginSG3@51e69659]" started-at="2022-05-12T14:54:22 IST" name="verifyIeVp" finished-at="2022-05-12T14:54:29 IST" duration-ms="6797" status="PASS">
          <reporter-output>
          </reporter-output>
        </test-method> <!-- verifyIeVp -->
        <test-method is-config="true" signature="tearDown(org.testng.ITestResult)[pri:0, instance:com.phptravels.scriptsSG3.TestClassLoginSG3@51e69659]" started-at="2022-05-12T14:54:29 IST" name="tearDown" finished-at="2022-05-12T14:54:29 IST" duration-ms="2" status="PASS">
          <params>
            <param index="0">
              <value>
                <![CDATA[[TestResult name=verifyIeVp status=SUCCESS method=TestClassLoginSG3.verifyIeVp()[pri:1, instance:com.phptravels.scriptsSG3.TestClassLoginSG3@51e69659] output={null}]]]>
              </value>
            </param>
          </params>
          <reporter-output>
          </reporter-output>
        </test-method> <!-- tearDown -->
        <test-method signature="verifyVeIp()[pri:2, instance:com.phptravels.scriptsSG3.TestClassLoginSG3@51e69659]" started-at="2022-05-12T14:54:29 IST" name="verifyVeIp" finished-at="2022-05-12T14:54:32 IST" duration-ms="2500" status="PASS">
          <reporter-output>
          </reporter-output>
        </test-method> <!-- verifyVeIp -->
        <test-method is-config="true" signature="tearDown(org.testng.ITestResult)[pri:0, instance:com.phptravels.scriptsSG3.TestClassLoginSG3@51e69659]" started-at="2022-05-12T14:54:32 IST" name="tearDown" finished-at="2022-05-12T14:54:32 IST" duration-ms="1" status="PASS">
          <params>
            <param index="0">
              <value>
                <![CDATA[[TestResult name=verifyVeIp status=SUCCESS method=TestClassLoginSG3.verifyVeIp()[pri:2, instance:com.phptravels.scriptsSG3.TestClassLoginSG3@51e69659] output={null}]]]>
              </value>
            </param>
          </params>
          <reporter-output>
          </reporter-output>
        </test-method> <!-- tearDown -->
        <test-method signature="verifyIeIp()[pri:3, instance:com.phptravels.scriptsSG3.TestClassLoginSG3@51e69659]" started-at="2022-05-12T14:54:32 IST" name="verifyIeIp" finished-at="2022-05-12T14:54:34 IST" duration-ms="2613" status="PASS">
          <reporter-output>
          </reporter-output>
        </test-method> <!-- verifyIeIp -->
        <test-method is-config="true" signature="tearDown(org.testng.ITestResult)[pri:0, instance:com.phptravels.scriptsSG3.TestClassLoginSG3@51e69659]" started-at="2022-05-12T14:54:34 IST" name="tearDown" finished-at="2022-05-12T14:54:34 IST" duration-ms="6" status="PASS">
          <params>
            <param index="0">
              <value>
                <![CDATA[[TestResult name=verifyIeIp status=SUCCESS method=TestClassLoginSG3.verifyIeIp()[pri:3, instance:com.phptravels.scriptsSG3.TestClassLoginSG3@51e69659] output={null}]]]>
              </value>
            </param>
          </params>
          <reporter-output>
          </reporter-output>
        </test-method> <!-- tearDown -->
        <test-method signature="verifyNeNp()[pri:4, instance:com.phptravels.scriptsSG3.TestClassLoginSG3@51e69659]" started-at="2022-05-12T14:54:34 IST" name="verifyNeNp" finished-at="2022-05-12T14:54:37 IST" duration-ms="2541" status="PASS">
          <reporter-output>
          </reporter-output>
        </test-method> <!-- verifyNeNp -->
        <test-method is-config="true" signature="tearDown(org.testng.ITestResult)[pri:0, instance:com.phptravels.scriptsSG3.TestClassLoginSG3@51e69659]" started-at="2022-05-12T14:54:37 IST" name="tearDown" finished-at="2022-05-12T14:54:37 IST" duration-ms="1" status="PASS">
          <params>
            <param index="0">
              <value>
                <![CDATA[[TestResult name=verifyNeNp status=SUCCESS method=TestClassLoginSG3.verifyNeNp()[pri:4, instance:com.phptravels.scriptsSG3.TestClassLoginSG3@51e69659] output={null}]]]>
              </value>
            </param>
          </params>
          <reporter-output>
          </reporter-output>
        </test-method> <!-- tearDown -->
        <test-method signature="verifyVeVp()[pri:5, instance:com.phptravels.scriptsSG3.TestClassLoginSG3@51e69659]" started-at="2022-05-12T14:54:37 IST" name="verifyVeVp" finished-at="2022-05-12T14:54:46 IST" duration-ms="9288" status="PASS">
          <reporter-output>
          </reporter-output>
        </test-method> <!-- verifyVeVp -->
        <test-method is-config="true" signature="tearDown(org.testng.ITestResult)[pri:0, instance:com.phptravels.scriptsSG3.TestClassLoginSG3@51e69659]" started-at="2022-05-12T14:54:46 IST" name="tearDown" finished-at="2022-05-12T14:54:46 IST" duration-ms="0" status="PASS">
          <params>
            <param index="0">
              <value>
                <![CDATA[[TestResult name=verifyVeVp status=SUCCESS method=TestClassLoginSG3.verifyVeVp()[pri:5, instance:com.phptravels.scriptsSG3.TestClassLoginSG3@51e69659] output={null}]]]>
              </value>
            </param>
          </params>
          <reporter-output>
          </reporter-output>
        </test-method> <!-- tearDown -->
        <test-method is-config="true" signature="quitBrowser()[pri:0, instance:com.phptravels.scriptsSG3.TestClassLoginSG3@51e69659]" started-at="2022-05-12T14:55:14 IST" name="quitBrowser" finished-at="2022-05-12T14:55:17 IST" duration-ms="2944" status="PASS">
          <reporter-output>
          </reporter-output>
        </test-method> <!-- quitBrowser -->
      </class> <!-- com.phptravels.scriptsSG3.TestClassLoginSG3 -->
    </test> <!-- Test -->
  </suite> <!-- Suite -->
</testng-results>
